shell-android/app/build/intermediates/manifest_merge_blame_file/release/manifest-merger-blame-release-report.txt
1<?xml version="1.0" encoding="utf-8"?>
2<manifest xmlns:android="http://schemas.android.com/apk/res/android"
3    package="com.yefiot.community"
4    android:versionCode="100"
5    android:versionName="1.0.0" >
6
7    <uses-sdk
8        android:minSdkVersion="24"
9        android:targetSdkVersion="34" />
10
11    <!-- ==================== 网络 ==================== -->
12    <uses-permission android:name="android.permission.INTERNET" />
12-->src\main\AndroidManifest.xml:6:5-67
12-->src\main\AndroidManifest.xml:6:22-64
13    <uses-permission android:name="android.permission.ACCESS_NETWORK_STATE" />
13-->src\main\AndroidManifest.xml:7:5-79
13-->src\main\AndroidManifest.xml:7:22-76
14    <uses-permission android:name="android.permission.ACCESS_WIFI_STATE" />
14-->src\main\AndroidManifest.xml:8:5-76
14-->src\main\AndroidManifest.xml:8:22-73
15    <uses-permission android:name="android.permission.CHANGE_NETWORK_STATE" />
15-->src\main\AndroidManifest.xml:9:5-79
15-->src\main\AndroidManifest.xml:9:22-76
16    <uses-permission android:name="android.permission.CHANGE_WIFI_STATE" />
16-->src\main\AndroidManifest.xml:10:5-76
16-->src\main\AndroidManifest.xml:10:22-73
17
18    <!-- ==================== 蓝牙（核心：开门） ==================== -->
19    <!-- Android 12 以下 -->
20    <uses-permission
20-->src\main\AndroidManifest.xml:14:5-15:38
21        android:name="android.permission.BLUETOOTH"
21-->src\main\AndroidManifest.xml:14:22-65
22        android:maxSdkVersion="30" />
22-->src\main\AndroidManifest.xml:15:9-35
23    <uses-permission
23-->src\main\AndroidManifest.xml:16:5-17:38
24        android:name="android.permission.BLUETOOTH_ADMIN"
24-->src\main\AndroidManifest.xml:16:22-71
25        android:maxSdkVersion="30" />
25-->src\main\AndroidManifest.xml:17:9-35
26    <uses-permission android:name="android.permission.ACCESS_FINE_LOCATION" />
26-->src\main\AndroidManifest.xml:18:5-79
26-->src\main\AndroidManifest.xml:18:22-76
27    <uses-permission android:name="android.permission.ACCESS_COARSE_LOCATION" />
27-->src\main\AndroidManifest.xml:19:5-81
27-->src\main\AndroidManifest.xml:19:22-78
28    <!-- Android 12+ (API 31+) -->
29    <!--
30         绝不能加 neverForLocation！官方文档明确：带该标志时系统会把部分 BLE beacon 类广播
31         从扫描结果中静默过滤。实测：普通设备全部可见，唯独门锁永远收不到（2257 次上报 0 命中）；
32         原版（DCloud）未使用该标志，可正常搜到门锁。去掉后 Android 12+ 需依赖下方
33         ACCESS_FINE_LOCATION 运行时授权，BleManager.scanPermissions() 已在扫描前申请。
34    -->
35    <uses-permission android:name="android.permission.BLUETOOTH_SCAN" />
35-->src\main\AndroidManifest.xml:25:5-26:31
35-->src\main\AndroidManifest.xml:25:22-70
36    <uses-permission android:name="android.permission.BLUETOOTH_CONNECT" />
36-->src\main\AndroidManifest.xml:27:5-76
36-->src\main\AndroidManifest.xml:27:22-73
37
38    <!-- ==================== 相机 / 存储（扫码 / 相册 / 头像） ==================== -->
39    <uses-permission android:name="android.permission.CAMERA" />
39-->src\main\AndroidManifest.xml:30:5-65
39-->src\main\AndroidManifest.xml:30:22-62
40    <uses-permission android:name="android.permission.FLASHLIGHT" />
40-->src\main\AndroidManifest.xml:31:5-69
40-->src\main\AndroidManifest.xml:31:22-66
41    <uses-permission android:name="android.permission.VIBRATE" />
41-->src\main\AndroidManifest.xml:32:5-66
41-->src\main\AndroidManifest.xml:32:22-63
42    <uses-permission
42-->src\main\AndroidManifest.xml:33:5-34:38
43        android:name="android.permission.READ_EXTERNAL_STORAGE"
43-->src\main\AndroidManifest.xml:33:22-77
44        android:maxSdkVersion="32" />
44-->src\main\AndroidManifest.xml:34:9-35
45    <uses-permission
45-->src\main\AndroidManifest.xml:35:5-36:38
46        android:name="android.permission.WRITE_EXTERNAL_STORAGE"
46-->src\main\AndroidManifest.xml:35:22-78
47        android:maxSdkVersion="28" />
47-->src\main\AndroidManifest.xml:36:9-35
48    <!-- Android 13+ 读取媒体 -->
49    <uses-permission android:name="android.permission.READ_MEDIA_IMAGES" />
49-->src\main\AndroidManifest.xml:38:5-76
49-->src\main\AndroidManifest.xml:38:22-73
50    <!-- Android 10+ 保存图片到相册（MediaStore 分区存储无需权限，保留兼容） -->
51    <uses-permission android:name="android.permission.WAKE_LOCK" />
51-->src\main\AndroidManifest.xml:40:5-68
51-->src\main\AndroidManifest.xml:40:22-65
52    <uses-permission android:name="android.permission.READ_PHONE_STATE" />
52-->src\main\AndroidManifest.xml:41:5-75
52-->src\main\AndroidManifest.xml:41:22-72
53
54    <!-- ==================== App 内更新（下载 + 安装 APK） ==================== -->
55    <uses-permission android:name="android.permission.REQUEST_INSTALL_PACKAGES" />
55-->src\main\AndroidManifest.xml:44:5-83
55-->src\main\AndroidManifest.xml:44:22-80
56
57    <uses-feature
57-->src\main\AndroidManifest.xml:45:5-85
58        android:name="android.hardware.camera"
58-->src\main\AndroidManifest.xml:45:19-57
59        android:required="false" />
59-->src\main\AndroidManifest.xml:45:58-82
60    <uses-feature
60-->src\main\AndroidManifest.xml:46:5-95
61        android:name="android.hardware.camera.autofocus"
61-->src\main\AndroidManifest.xml:46:19-67
62        android:required="false" />
62-->src\main\AndroidManifest.xml:46:68-92
63    <uses-feature
63-->src\main\AndroidManifest.xml:47:5-91
64        android:name="android.hardware.bluetooth_le"
64-->src\main\AndroidManifest.xml:47:19-63
65        android:required="false" />
65-->src\main\AndroidManifest.xml:47:64-88
66
67    <!-- Android 11+ 包可见性：微信（分享/支付）、支付宝（支付） -->
68    <queries>
68-->src\main\AndroidManifest.xml:50:5-53:15
69        <package android:name="com.tencent.mm" />
69-->src\main\AndroidManifest.xml:51:9-50
69-->src\main\AndroidManifest.xml:51:18-47
70        <package android:name="com.eg.android.AlipayGphone" />
70-->src\main\AndroidManifest.xml:52:9-63
70-->src\main\AndroidManifest.xml:52:18-60
71
72        <intent>
72-->[anythink_adx_sdk_kuying_6.5.77_necessary.aar] AndroidManifest.xml:19:9-23:18
73            <action android:name="android.intent.action.MAIN" />
73-->src\main\AndroidManifest.xml:78:17-69
73-->src\main\AndroidManifest.xml:78:25-66
74
75            <category android:name="android.intent.category.LAUNCHER" />
75-->src\main\AndroidManifest.xml:79:17-77
75-->src\main\AndroidManifest.xml:79:27-74
76        </intent>
77        <intent>
77-->[core-3.4.1.aar] AndroidManifest.xml:22:9-28:18
78            <action android:name="android.intent.action.VIEW" />
78-->[core-3.4.1.aar] AndroidManifest.xml:23:13-65
78-->[core-3.4.1.aar] AndroidManifest.xml:23:21-62
79
80            <category android:name="android.intent.category.BROWSABLE" />
80-->[core-3.4.1.aar] AndroidManifest.xml:25:13-74
80-->[core-3.4.1.aar] AndroidManifest.xml:25:23-71
81
82            <data android:scheme="https" />
82-->[core-3.4.1.aar] AndroidManifest.xml:27:13-44
82-->[core-3.4.1.aar] AndroidManifest.xml:27:19-41
83        </intent>
84
85        <package android:name="com.google.android.gms" />
85-->[core-sdk-libs-1-2.4.7.3.aar] AndroidManifest.xml:43:9-58
85-->[core-sdk-libs-1-2.4.7.3.aar] AndroidManifest.xml:43:18-55
86        <package android:name="com.android.vending" />
86-->[core-sdk-libs-1-2.4.7.3.aar] AndroidManifest.xml:44:9-55
86-->[core-sdk-libs-1-2.4.7.3.aar] AndroidManifest.xml:44:18-52
87        <package android:name="com.android.creator" />
87-->[core-sdk-libs-1-2.4.7.3.aar] AndroidManifest.xml:45:9-55
87-->[core-sdk-libs-1-2.4.7.3.aar] AndroidManifest.xml:45:18-52
88        <package android:name="com.mdid.msa" />
88-->[core-sdk-libs-1-2.4.7.3.aar] AndroidManifest.xml:46:9-48
88-->[core-sdk-libs-1-2.4.7.3.aar] AndroidManifest.xml:46:18-45
89        <package android:name="com.samsung.android.deviceidservice" />
89-->[core-sdk-libs-1-2.4.7.3.aar] AndroidManifest.xml:47:9-71
89-->[core-sdk-libs-1-2.4.7.3.aar] AndroidManifest.xml:47:18-68
90        <package android:name="com.coolpad.deviceidsupport" />
90-->[core-sdk-libs-1-2.4.7.3.aar] AndroidManifest.xml:48:9-63
90-->[core-sdk-libs-1-2.4.7.3.aar] AndroidManifest.xml:48:18-60
91        <package android:name="com.heytap.openid" />
91-->[core-sdk-libs-1-2.4.7.3.aar] AndroidManifest.xml:49:9-53
91-->[core-sdk-libs-1-2.4.7.3.aar] AndroidManifest.xml:49:18-50
92        <package android:name="com.huawei.hwid" />
92-->[core-sdk-libs-1-2.4.7.3.aar] AndroidManifest.xml:50:9-51
92-->[core-sdk-libs-1-2.4.7.3.aar] AndroidManifest.xml:50:18-48
93        <package android:name="com.huawei.hwid.tv" />
93-->[core-sdk-libs-1-2.4.7.3.aar] AndroidManifest.xml:51:9-54
93-->[core-sdk-libs-1-2.4.7.3.aar] AndroidManifest.xml:51:18-51
94        <package android:name="com.huawei.hms" />
94-->[core-sdk-libs-1-2.4.7.3.aar] AndroidManifest.xml:52:9-50
94-->[core-sdk-libs-1-2.4.7.3.aar] AndroidManifest.xml:52:18-47
95        <package android:name="com.asus.msa.SupplementaryDID" />
95-->[core-sdk-libs-1-2.4.7.3.aar] AndroidManifest.xml:53:9-65
95-->[core-sdk-libs-1-2.4.7.3.aar] AndroidManifest.xml:53:18-62
96        <package android:name="com.zui.deviceidservice" />
96-->[core-sdk-libs-1-2.4.7.3.aar] AndroidManifest.xml:54:9-59
96-->[core-sdk-libs-1-2.4.7.3.aar] AndroidManifest.xml:54:18-56
97        <package android:name="com.qiku.id" /> <!-- 支付宝 -->
97-->[core-sdk-libs-1-2.4.7.3.aar] AndroidManifest.xml:55:9-47
97-->[core-sdk-libs-1-2.4.7.3.aar] AndroidManifest.xml:55:18-44
98        <package android:name="com.jingdong.app.mall" /> <!-- 京东 -->
98-->[core-sdk-libs-11-1.9.6.aar] AndroidManifest.xml:24:9-57
98-->[core-sdk-libs-11-1.9.6.aar] AndroidManifest.xml:24:18-54
99        <package android:name="com.taobao.idlefish" /> <!-- 闲鱼 -->
99-->[core-sdk-libs-11-1.9.6.aar] AndroidManifest.xml:25:9-55
99-->[core-sdk-libs-11-1.9.6.aar] AndroidManifest.xml:25:18-52
100        <package android:name="me.ele" /> <!-- 饿了么 -->
100-->[core-sdk-libs-11-1.9.6.aar] AndroidManifest.xml:26:9-42
100-->[core-sdk-libs-11-1.9.6.aar] AndroidManifest.xml:26:18-39
101        <package android:name="com.taobao.taobao" /> <!-- 淘宝 -->
101-->[core-sdk-libs-11-1.9.6.aar] AndroidManifest.xml:27:9-53
101-->[core-sdk-libs-11-1.9.6.aar] AndroidManifest.xml:27:18-50
102        <package android:name="com.xunmeng.pinduoduo" /> <!-- 拼多多 -->
102-->[core-sdk-libs-11-1.9.6.aar] AndroidManifest.xml:28:9-57
102-->[core-sdk-libs-11-1.9.6.aar] AndroidManifest.xml:28:18-54
103        <package android:name="com.achievo.vipshop" /> <!-- 唯品会 -->
103-->[core-sdk-libs-11-1.9.6.aar] AndroidManifest.xml:29:9-55
103-->[core-sdk-libs-11-1.9.6.aar] AndroidManifest.xml:29:18-52
104        <package android:name="com.smile.gifmaker" /> <!-- 快手 -->
104-->[core-sdk-libs-11-1.9.6.aar] AndroidManifest.xml:30:9-54
104-->[core-sdk-libs-11-1.9.6.aar] AndroidManifest.xml:30:18-51
105        <package android:name="com.ss.android.ugc.aweme" /> <!-- 抖音 -->
105-->[core-sdk-libs-11-1.9.6.aar] AndroidManifest.xml:31:9-60
105-->[core-sdk-libs-11-1.9.6.aar] AndroidManifest.xml:31:18-57
106        <package android:name="com.sdu.didi.psnger" /> <!-- 滴滴出行 -->
106-->[core-sdk-libs-11-1.9.6.aar] AndroidManifest.xml:32:9-55
106-->[core-sdk-libs-11-1.9.6.aar] AndroidManifest.xml:32:18-52
107        <package android:name="com.sankuai.meituan" /> <!-- 美团 -->
107-->[core-sdk-libs-11-1.9.6.aar] AndroidManifest.xml:33:9-55
107-->[core-sdk-libs-11-1.9.6.aar] AndroidManifest.xml:33:18-52
108        <package android:name="com.UCMobile" /> <!-- UC浏览器 -->
108-->[core-sdk-libs-11-1.9.6.aar] AndroidManifest.xml:34:9-48
108-->[core-sdk-libs-11-1.9.6.aar] AndroidManifest.xml:34:18-45
109        <package android:name="com.baidu.searchbox" /> <!-- 百度 -->
109-->[core-sdk-libs-11-1.9.6.aar] AndroidManifest.xml:35:9-55
109-->[core-sdk-libs-11-1.9.6.aar] AndroidManifest.xml:35:18-52
110        <package android:name="com.quark.browser" /> <!-- 夸克 -->
110-->[core-sdk-libs-11-1.9.6.aar] AndroidManifest.xml:36:9-53
110-->[core-sdk-libs-11-1.9.6.aar] AndroidManifest.xml:36:18-50
111        <package android:name="com.autonavi.minimap" /> <!-- 高德地图 -->
111-->[core-sdk-libs-11-1.9.6.aar] AndroidManifest.xml:37:9-56
111-->[core-sdk-libs-11-1.9.6.aar] AndroidManifest.xml:37:18-53
112        <package android:name="ctrip.android.view" /> <!-- 携程 -->
112-->[core-sdk-libs-11-1.9.6.aar] AndroidManifest.xml:38:9-54
112-->[core-sdk-libs-11-1.9.6.aar] AndroidManifest.xml:38:18-51
113        <package android:name="com.sankuai.meituan.takeoutnew" /> <!-- 美团外卖 -->
113-->[core-sdk-libs-11-1.9.6.aar] AndroidManifest.xml:39:9-66
113-->[core-sdk-libs-11-1.9.6.aar] AndroidManifest.xml:39:18-63
114        <package android:name="com.ss.android.ugc.aweme.lite" /> <!-- 抖音极速版 -->
114-->[core-sdk-libs-11-1.9.6.aar] AndroidManifest.xml:40:9-65
114-->[core-sdk-libs-11-1.9.6.aar] AndroidManifest.xml:40:18-62
115        <package android:name="com.kuaishou.nebula" /> <!-- 快手极速版 -->
115-->[core-sdk-libs-11-1.9.6.aar] AndroidManifest.xml:41:9-55
115-->[core-sdk-libs-11-1.9.6.aar] AndroidManifest.xml:41:18-52
116        <package android:name="com.cainiao.wireless" /> <!-- 菜鸟裹裹 -->
116-->[core-sdk-libs-11-1.9.6.aar] AndroidManifest.xml:42:9-56
116-->[core-sdk-libs-11-1.9.6.aar] AndroidManifest.xml:42:18-53
117        <package android:name="com.taobao.trip" /> <!-- 飞猪 -->
117-->[core-sdk-libs-11-1.9.6.aar] AndroidManifest.xml:43:9-51
117-->[core-sdk-libs-11-1.9.6.aar] AndroidManifest.xml:43:18-48
118        <package android:name="com.baidu.searchbox.lite" /> <!-- 百度极速版 -->
118-->[core-sdk-libs-11-1.9.6.aar] AndroidManifest.xml:44:9-60
118-->[core-sdk-libs-11-1.9.6.aar] AndroidManifest.xml:44:18-57
119        <package android:name="com.aliyun.tongyi" /> <!-- 通义千问 -->
119-->[core-sdk-libs-11-1.9.6.aar] AndroidManifest.xml:45:9-53
119-->[core-sdk-libs-11-1.9.6.aar] AndroidManifest.xml:45:18-50
120        <package android:name="com.jd.jrapp" /> <!-- 京东金融 -->
120-->[core-sdk-libs-11-1.9.6.aar] AndroidManifest.xml:46:9-48
120-->[core-sdk-libs-11-1.9.6.aar] AndroidManifest.xml:46:18-45
121        <package android:name="com.cubic.autohome" /> <!-- 汽车之家 -->
121-->[core-sdk-libs-11-1.9.6.aar] AndroidManifest.xml:47:9-54
121-->[core-sdk-libs-11-1.9.6.aar] AndroidManifest.xml:47:18-51
122        <package android:name="com.xingin.xhs" />
122-->[core-sdk-libs-11-1.9.6.aar] AndroidManifest.xml:48:9-50
122-->[core-sdk-libs-11-1.9.6.aar] AndroidManifest.xml:48:18-47
123
124        <intent>
124-->[core-sdk-libs-6-2.9.81.aar] AndroidManifest.xml:15:9-19:18
125            <action android:name="android.intent.action.VIEW" />
125-->[core-3.4.1.aar] AndroidManifest.xml:23:13-65
125-->[core-3.4.1.aar] AndroidManifest.xml:23:21-62
126
127            <data android:scheme="http" />
127-->[core-3.4.1.aar] AndroidManifest.xml:27:13-44
127-->[core-3.4.1.aar] AndroidManifest.xml:27:19-41
128        </intent>
129        <intent>
129-->[core-sdk-libs-6-2.9.81.aar] AndroidManifest.xml:20:9-24:18
130            <action android:name="android.intent.action.VIEW" />
130-->[core-3.4.1.aar] AndroidManifest.xml:23:13-65
130-->[core-3.4.1.aar] AndroidManifest.xml:23:21-62
131
132            <data android:scheme="https" />
132-->[core-3.4.1.aar] AndroidManifest.xml:27:13-44
132-->[core-3.4.1.aar] AndroidManifest.xml:27:19-41
133        </intent>
134        <intent>
134-->[core-sdk-libs-6-2.9.81.aar] AndroidManifest.xml:25:9-27:18
135            <action android:name="android.intent.action.MAIN" />
135-->src\main\AndroidManifest.xml:78:17-69
135-->src\main\AndroidManifest.xml:78:25-66
136        </intent>
137        <intent>
137-->[core-sdk-libs-6-2.9.81.aar] AndroidManifest.xml:33:9-39:18
138            <action android:name="android.intent.action.VIEW" />
138-->[core-3.4.1.aar] AndroidManifest.xml:23:13-65
138-->[core-3.4.1.aar] AndroidManifest.xml:23:21-62
139
140            <category android:name="android.intent.category.BROWSABLE" />
140-->[core-3.4.1.aar] AndroidManifest.xml:25:13-74
140-->[core-3.4.1.aar] AndroidManifest.xml:25:23-71
141
142            <data android:scheme="http" />
142-->[core-3.4.1.aar] AndroidManifest.xml:27:13-44
142-->[core-3.4.1.aar] AndroidManifest.xml:27:19-41
143        </intent>
144        <intent> <!-- H5 支持手淘登录 -->
144-->[alipaysdk-android-15.8.42.aar] AndroidManifest.xml:10:9-14:18
145            <action android:name="*" />
145-->[alipaysdk-android-15.8.42.aar] AndroidManifest.xml:11:13-40
145-->[alipaysdk-android-15.8.42.aar] AndroidManifest.xml:11:21-37
146
147            <data android:scheme="tbopen" />
147-->[core-3.4.1.aar] AndroidManifest.xml:27:13-44
147-->[core-3.4.1.aar] AndroidManifest.xml:27:19-41
148        </intent> <!-- 支付宝 app -->
149        <package android:name="com.eg.android.AlipayGphoneRC" /> <!-- 沙箱支付宝 app -->
149-->[alipaysdk-android-15.8.42.aar] AndroidManifest.xml:17:9-65
149-->[alipaysdk-android-15.8.42.aar] AndroidManifest.xml:17:18-62
150        <package android:name="hk.alipay.wallet" /> <!-- 香港版支付宝 app -->
150-->[alipaysdk-android-15.8.42.aar] AndroidManifest.xml:18:9-52
150-->[alipaysdk-android-15.8.42.aar] AndroidManifest.xml:18:18-49
151        <package android:name="hk.alipay.walletRC" />
151-->[alipaysdk-android-15.8.42.aar] AndroidManifest.xml:19:9-54
151-->[alipaysdk-android-15.8.42.aar] AndroidManifest.xml:19:18-51
152    </queries>
153
154    <uses-permission android:name="com.google.android.gms.permission.AD_ID" />
154-->[anythink_adx_sdk_kuying_6.5.77_necessary.aar] AndroidManifest.xml:15:5-79
154-->[anythink_adx_sdk_kuying_6.5.77_necessary.aar] AndroidManifest.xml:15:22-76
155    <uses-permission android:name="oplus.permission.settings.LAUNCH_FOR_EXPORT" />
155-->[core-sdk-libs-1-2.4.7.3.aar] AndroidManifest.xml:7:5-83
155-->[core-sdk-libs-1-2.4.7.3.aar] AndroidManifest.xml:7:22-80
156    <uses-permission android:name="freemme.permission.msa.SECURITY_ACCESS" />
156-->[core-sdk-libs-1-2.4.7.3.aar] AndroidManifest.xml:8:5-78
156-->[core-sdk-libs-1-2.4.7.3.aar] AndroidManifest.xml:8:22-75
157    <uses-permission android:name="freemme.permission.msa" />
157-->[core-sdk-libs-1-2.4.7.3.aar] AndroidManifest.xml:9:5-62
157-->[core-sdk-libs-1-2.4.7.3.aar] AndroidManifest.xml:9:22-59
158    <uses-permission android:name="com.asus.msa.SupplementaryDID.ACCESS" />
158-->[core-sdk-libs-1-2.4.7.3.aar] AndroidManifest.xml:10:5-76
158-->[core-sdk-libs-1-2.4.7.3.aar] AndroidManifest.xml:10:22-73
159    <uses-permission android:name="com.yefiot.community.download.PRIVATE_BROADCAST_PERMISSION" />
159-->[core-sdk-libs-1-2.4.7.3.aar] AndroidManifest.xml:12:5-94
159-->[core-sdk-libs-1-2.4.7.3.aar] AndroidManifest.xml:12:22-91
160
161    <permission
161-->[core-sdk-libs-1-2.4.7.3.aar] AndroidManifest.xml:14:5-16:47
162        android:name="com.yefiot.community.download.PRIVATE_BROADCAST_PERMISSION"
162-->[core-sdk-libs-1-2.4.7.3.aar] AndroidManifest.xml:15:9-78
163        android:protectionLevel="signature" />
163-->[core-sdk-libs-1-2.4.7.3.aar] AndroidManifest.xml:16:9-44
164
165    <uses-permission android:name="android.permission.POST_NOTIFICATIONS" />
165-->[core-sdk-libs-1-2.4.7.3.aar] AndroidManifest.xml:18:5-77
165-->[core-sdk-libs-1-2.4.7.3.aar] AndroidManifest.xml:18:22-74
166    <uses-permission android:name="android.permission.QUERY_ALL_PACKAGES" />
166-->[core-sdk-libs-1-2.4.7.3.aar] AndroidManifest.xml:27:5-77
166-->[core-sdk-libs-1-2.4.7.3.aar] AndroidManifest.xml:27:22-74
167    <uses-permission android:name="android.permission.FOREGROUND_SERVICE" />
167-->[core-sdk-libs-6-2.9.81.aar] AndroidManifest.xml:11:5-77
167-->[core-sdk-libs-6-2.9.81.aar] AndroidManifest.xml:11:22-74
168    <uses-permission android:name="android.permission.FOREGROUND_SERVICE_DATA_SYNC" /> <!-- 头条额外需要 -->
168-->[core-sdk-libs-6-2.9.81.aar] AndroidManifest.xml:12:5-87
168-->[core-sdk-libs-6-2.9.81.aar] AndroidManifest.xml:12:22-84
169    <uses-permission android:name="android.permission.GET_TASKS" />
169-->[core-sdk-libs-9-4.2.56.aar] AndroidManifest.xml:23:5-68
169-->[core-sdk-libs-9-4.2.56.aar] AndroidManifest.xml:23:22-65
170
171    <supports-screens
171-->[alipaysdk-android-15.8.42.aar] AndroidManifest.xml:22:5-27:39
172        android:anyDensity="true"
172-->[alipaysdk-android-15.8.42.aar] AndroidManifest.xml:23:9-34
173        android:largeScreens="true"
173-->[alipaysdk-android-15.8.42.aar] AndroidManifest.xml:24:9-36
174        android:normalScreens="true"
174-->[alipaysdk-android-15.8.42.aar] AndroidManifest.xml:25:9-37
175        android:resizeable="true"
175-->[alipaysdk-android-15.8.42.aar] AndroidManifest.xml:26:9-34
176        android:smallScreens="true" />
176-->[alipaysdk-android-15.8.42.aar] AndroidManifest.xml:27:9-36
177
178    <permission
178-->[androidx.core:core:1.12.0] AndroidManifest.xml:22:5-24:47
179        android:name="com.yefiot.community.DYNAMIC_RECEIVER_NOT_EXPORTED_PERMISSION"
179-->[androidx.core:core:1.12.0] AndroidManifest.xml:23:9-81
180        android:protectionLevel="signature" />
180-->[androidx.core:core:1.12.0] AndroidManifest.xml:24:9-44
181
182    <uses-permission android:name="com.yefiot.community.DYNAMIC_RECEIVER_NOT_EXPORTED_PERMISSION" />
182-->[androidx.core:core:1.12.0] AndroidManifest.xml:26:5-97
182-->[androidx.core:core:1.12.0] AndroidManifest.xml:26:22-94
183
184    <uses-feature
184-->[com.journeyapps:zxing-android-embedded:4.3.0] AndroidManifest.xml:28:5-30:36
185        android:name="android.hardware.camera.front"
185-->[com.journeyapps:zxing-android-embedded:4.3.0] AndroidManifest.xml:29:9-53
186        android:required="false" />
186-->[com.journeyapps:zxing-android-embedded:4.3.0] AndroidManifest.xml:30:9-33
187    <uses-feature
187-->[com.journeyapps:zxing-android-embedded:4.3.0] AndroidManifest.xml:36:5-38:36
188        android:name="android.hardware.camera.flash"
188-->[com.journeyapps:zxing-android-embedded:4.3.0] AndroidManifest.xml:37:9-53
189        android:required="false" />
189-->[com.journeyapps:zxing-android-embedded:4.3.0] AndroidManifest.xml:38:9-33
190    <uses-feature
190-->[com.journeyapps:zxing-android-embedded:4.3.0] AndroidManifest.xml:39:5-41:36
191        android:name="android.hardware.screen.landscape"
191-->[com.journeyapps:zxing-android-embedded:4.3.0] AndroidManifest.xml:40:9-57
192        android:required="false" />
192-->[com.journeyapps:zxing-android-embedded:4.3.0] AndroidManifest.xml:41:9-33
193    <uses-feature
193-->[com.journeyapps:zxing-android-embedded:4.3.0] AndroidManifest.xml:42:5-44:36
194        android:name="android.hardware.wifi"
194-->[com.journeyapps:zxing-android-embedded:4.3.0] AndroidManifest.xml:43:9-45
195        android:required="false" />
195-->[com.journeyapps:zxing-android-embedded:4.3.0] AndroidManifest.xml:44:9-33
196
197    <application
197-->src\main\AndroidManifest.xml:55:5-108:19
198        android:name="com.yefiot.cloudguard.ShellApp"
198-->src\main\AndroidManifest.xml:56:9-33
199        android:allowBackup="true"
199-->src\main\AndroidManifest.xml:57:9-35
200        android:appComponentFactory="androidx.core.app.CoreComponentFactory"
200-->[androidx.core:core:1.12.0] AndroidManifest.xml:28:18-86
201        android:extractNativeLibs="false"
202        android:hardwareAccelerated="true"
202-->src\main\AndroidManifest.xml:64:9-43
203        android:icon="@mipmap/ic_launcher"
203-->src\main\AndroidManifest.xml:58:9-43
204        android:label="@string/app_name"
204-->src\main\AndroidManifest.xml:59:9-41
205        android:largeHeap="true"
205-->[core-sdk-libs-10-1.0.99.12.aar] AndroidManifest.xml:21:18-42
206        android:networkSecurityConfig="@xml/network_security_config"
206-->src\main\AndroidManifest.xml:63:9-69
207        android:roundIcon="@mipmap/ic_launcher"
207-->src\main\AndroidManifest.xml:60:9-48
208        android:supportsRtl="true"
208-->src\main\AndroidManifest.xml:61:9-35
209        android:theme="@style/Theme.CloudGuard"
209-->src\main\AndroidManifest.xml:65:9-48
210        android:usesCleartextTraffic="true" >
210-->src\main\AndroidManifest.xml:62:9-44
211
212        <!-- 主容器：WebView + JS 桥接 -->
213        <activity
213-->src\main\AndroidManifest.xml:70:9-81:20
214            android:name="com.yefiot.cloudguard.MainActivity"
214-->src\main\AndroidManifest.xml:71:13-41
215            android:configChanges="orientation|screenSize|keyboardHidden|screenLayout|smallestScreenSize|uiMode"
215-->src\main\AndroidManifest.xml:73:13-113
216            android:exported="true"
216-->src\main\AndroidManifest.xml:72:13-36
217            android:launchMode="singleTask"
217-->src\main\AndroidManifest.xml:74:13-44
218            android:screenOrientation="portrait"
218-->src\main\AndroidManifest.xml:75:13-49
219            android:windowSoftInputMode="adjustResize" >
219-->src\main\AndroidManifest.xml:76:13-55
220            <intent-filter>
220-->src\main\AndroidManifest.xml:77:13-80:29
221                <action android:name="android.intent.action.MAIN" />
221-->src\main\AndroidManifest.xml:78:17-69
221-->src\main\AndroidManifest.xml:78:25-66
222
223                <category android:name="android.intent.category.LAUNCHER" />
223-->src\main\AndroidManifest.xml:79:17-77
223-->src\main\AndroidManifest.xml:79:27-74
224            </intent-filter>
225        </activity>
226
227        <!-- 扫码页（ZXing CaptureActivity 自带布局） -->
228        <activity
228-->src\main\AndroidManifest.xml:84:9-88:60
229            android:name="com.yefiot.cloudguard.scan.ScanActivity"
229-->src\main\AndroidManifest.xml:85:13-46
230            android:exported="false"
230-->src\main\AndroidManifest.xml:86:13-37
231            android:screenOrientation="portrait"
231-->src\main\AndroidManifest.xml:87:13-49
232            android:theme="@style/Theme.CloudGuard.Scan" />
232-->src\main\AndroidManifest.xml:88:13-57
233
234        <!-- 微信回调入口（必须位于 应用包名.wxapi 下）：支付回调见 WXEntryActivity.kt -->
235        <activity
235-->src\main\AndroidManifest.xml:91:9-96:75
236            android:name="com.yefiot.cloudguard.wxapi.WXEntryActivity"
236-->src\main\AndroidManifest.xml:92:13-50
237            android:exported="true"
237-->src\main\AndroidManifest.xml:93:13-36
238            android:launchMode="singleTask"
238-->src\main\AndroidManifest.xml:95:13-44
239            android:taskAffinity="com.yefiot.community"
239-->src\main\AndroidManifest.xml:94:13-56
240            android:theme="@android:style/Theme.Translucent.NoTitleBar" />
240-->src\main\AndroidManifest.xml:96:13-72
241
242        <!-- FileProvider：APK 安装 / 图片分享 -->
243        <provider
244            android:name="androidx.core.content.FileProvider"
244-->src\main\AndroidManifest.xml:100:13-62
245            android:authorities="com.yefiot.community.fileprovider"
245-->src\main\AndroidManifest.xml:101:13-64
246            android:exported="false"
246-->src\main\AndroidManifest.xml:102:13-37
247            android:grantUriPermissions="true" >
247-->src\main\AndroidManifest.xml:103:13-47
248            <meta-data
248-->src\main\AndroidManifest.xml:104:13-106:54
249                android:name="android.support.FILE_PROVIDER_PATHS"
249-->src\main\AndroidManifest.xml:105:17-67
250                android:resource="@xml/file_paths" />
250-->src\main\AndroidManifest.xml:106:17-51
251        </provider>
252
253        <activity
253-->[anythink_adx_sdk_kuying_6.5.77_necessary.aar] AndroidManifest.xml:27:9-30:86
254            android:name="com.smartdigimkt.china.activity.TransparentActivity"
254-->[anythink_adx_sdk_kuying_6.5.77_necessary.aar] AndroidManifest.xml:28:13-79
255            android:exported="false"
255-->[anythink_adx_sdk_kuying_6.5.77_necessary.aar] AndroidManifest.xml:29:13-37
256            android:theme="@android:style/Theme.Translucent.NoTitleBar.Fullscreen" />
256-->[anythink_adx_sdk_kuying_6.5.77_necessary.aar] AndroidManifest.xml:30:13-83
257        <activity
257-->[anythink_adx_sdk_kuying_6.5.77_necessary.aar] AndroidManifest.xml:31:9-34:86
258            android:name="com.smartdigimkt.dlopt.activity.ApkConfirmDialogActivity"
258-->[anythink_adx_sdk_kuying_6.5.77_necessary.aar] AndroidManifest.xml:32:13-84
259            android:exported="false"
259-->[anythink_adx_sdk_kuying_6.5.77_necessary.aar] AndroidManifest.xml:33:13-37
260            android:theme="@android:style/Theme.Translucent.NoTitleBar.Fullscreen" />
260-->[anythink_adx_sdk_kuying_6.5.77_necessary.aar] AndroidManifest.xml:34:13-83
261
262        <provider
262-->[anythink_adx_sdk_kuying_6.5.77_necessary.aar] AndroidManifest.xml:36:9-44:20
263            android:name="com.smartdigimkt.dlopt.common.ApkFileProvider"
263-->[anythink_adx_sdk_kuying_6.5.77_necessary.aar] AndroidManifest.xml:37:13-73
264            android:authorities="com.yefiot.community.sdm.fileProvider"
264-->[anythink_adx_sdk_kuying_6.5.77_necessary.aar] AndroidManifest.xml:38:13-68
265            android:exported="false"
265-->[anythink_adx_sdk_kuying_6.5.77_necessary.aar] AndroidManifest.xml:39:13-37
266            android:grantUriPermissions="true" >
266-->[anythink_adx_sdk_kuying_6.5.77_necessary.aar] AndroidManifest.xml:40:13-47
267            <meta-data
267-->src\main\AndroidManifest.xml:104:13-106:54
268                android:name="android.support.FILE_PROVIDER_PATHS"
268-->src\main\AndroidManifest.xml:105:17-67
269                android:resource="@xml/sdm_file_paths" />
269-->src\main\AndroidManifest.xml:106:17-51
270        </provider>
271
272        <receiver
272-->[anythink_adx_sdk_kuying_6.5.77_necessary.aar] AndroidManifest.xml:46:9-53:20
273            android:name="com.smartdigimkt.dlopt.common.NotificationBroadcastReceiver"
273-->[anythink_adx_sdk_kuying_6.5.77_necessary.aar] AndroidManifest.xml:47:13-87
274            android:exported="false" >
274-->[anythink_adx_sdk_kuying_6.5.77_necessary.aar] AndroidManifest.xml:48:13-37
275            <intent-filter>
275-->[anythink_adx_sdk_kuying_6.5.77_necessary.aar] AndroidManifest.xml:49:13-52:29
276                <action android:name="sdm_action_notification_click" />
276-->[anythink_adx_sdk_kuying_6.5.77_necessary.aar] AndroidManifest.xml:50:17-72
276-->[anythink_adx_sdk_kuying_6.5.77_necessary.aar] AndroidManifest.xml:50:25-69
277                <!-- cancel 路径改为动态注册，避免 app 被 kill 后划通知冷启动宿主进程 -->
278            </intent-filter>
279        </receiver>
280
281        <service
281-->[anythink_adx_sdk_kuying_6.5.77_necessary.aar] AndroidManifest.xml:55:9-57:40